<?xml version="1.0" encoding="UTF-8"?>
<!-- Generated by org.testng.reporters.JUnitReportReporter -->
<testsuite hostname="piyushj-ltmgm26.internal.salesforce.com" failures="0" tests="2" name="cucumber.TestNGTestRunner" time="8.305" errors="0" timestamp="2024-08-16T14:38:43 IST" skipped="0">
  <testcase classname="cucumber.TestNGTestRunner" name="runScenario" time="5.821"/>
  <testcase classname="cucumber.TestNGTestRunner" name="runScenario" time="2.484"/>
</testsuite> <!-- cucumber.TestNGTestRunner -->
