<?xml version="1.0" encoding="UTF-8"?>
<!-- Generated by org.testng.reporters.JUnitReportReporter -->
<testsuite hostname="piyushj-ltmgm26.internal.salesforce.com" failures="0" tests="3" name="learningSeleniumFramework.tests.StandaloneTestModified" time="17.765" errors="0" timestamp="2024-03-28T12:36:27 IST" skipped="0">
  <testcase classname="learningSeleniumFramework.tests.StandaloneTestModified" name="orderHistoryTest" time="3.484"/>
  <testcase classname="learningSeleniumFramework.tests.StandaloneTestModified" name="submitOrder" time="8.775"/>
  <testcase classname="learningSeleniumFramework.tests.StandaloneTestModified" name="submitOrder" time="5.506"/>
</testsuite> <!-- learningSeleniumFramework.tests.StandaloneTestModified -->
