<?xml version="1.0" encoding="UTF-8"?>
<!-- Generated by org.testng.reporters.JUnitReportReporter -->
<testsuite hostname="piyushj-ltmgm26.internal.salesforce.com" failures="0" tests="1" name="cucumber.TestNGTestRunner" time="7.753" errors="0" timestamp="2024-08-16T15:14:02 IST" skipped="0">
  <testcase classname="cucumber.TestNGTestRunner" name="runScenario" time="7.753"/>
</testsuite> <!-- cucumber.TestNGTestRunner -->
