<?xml version="1.0" encoding="UTF-8"?>
<!-- Generated by org.testng.reporters.JUnitReportReporter -->
<testsuite hostname="piyushj-ltmgm26.internal.salesforce.com" failures="0" tests="3" name="learningSeleniumFramework.tests.StandaloneTestModified" time="16.264" errors="0" timestamp="2024-03-29T11:59:48 IST" skipped="0">
  <testcase classname="learningSeleniumFramework.tests.StandaloneTestModified" name="submitOrder" time="6.709"/>
  <testcase classname="learningSeleniumFramework.tests.StandaloneTestModified" name="orderHistoryTest" time="3.402"/>
  <testcase classname="learningSeleniumFramework.tests.StandaloneTestModified" name="submitOrder" time="6.153"/>
</testsuite> <!-- learningSeleniumFramework.tests.StandaloneTestModified -->
